WARNING 2025-03-31 16:37:46,091 log 18160 7620 Forbidden: /tour/
INFO 2025-03-31 17:23:37,532 autoreload 12244 20476 Watching for file changes with StatReloader
INFO 2025-03-31 17:24:08,234 autoreload 6996 4152 Watching for file changes with StatReloader
INFO 2025-04-02 23:56:44,362 autoreload 20916 20840 Watching for file changes with StatReloader
INFO 2025-04-03 00:49:40,181 autoreload 16908 15148 Watching for file changes with StatReloader
INFO 2025-04-03 00:53:07,783 autoreload 10596 14364 Watching for file changes with StatReloader
INFO 2025-04-07 13:27:52,958 autoreload 18348 17300 Watching for file changes with StatReloader
INFO 2025-04-07 13:35:52,332 autoreload 11864 6200 Watching for file changes with StatReloader
WARNING 2025-04-07 20:47:04,658 log 12148 20896 Forbidden: /tour/
INFO 2025-04-07 20:51:17,650 authentications 10704 332 Registered User attempting to access backend Api
ERROR 2025-04-07 20:51:17,675 log 10704 332 Internal Server Error: /tour/
Traceback (most recent call last):
  File "C:\Users\user\PyCharmMiscProject\.venv\Lib\site-packages\django\db\backends\utils.py", line 105, in _execute
    return self.cursor.execute(sql, params)
           ~~~~~~~~~~~~~~~~~~~^^^^^^^^^^^^^
  File "C:\Users\user\PyCharmMiscProject\.venv\Lib\site-packages\django\db\backends\mysql\base.py", line 76, in execute
    return self.cursor.execute(query, args)
           ~~~~~~~~~~~~~~~~~~~^^^^^^^^^^^^^
  File "C:\Users\user\PyCharmMiscProject\.venv\Lib\site-packages\MySQLdb\cursors.py", line 179, in execute
    res = self._query(mogrified_query)
  File "C:\Users\user\PyCharmMiscProject\.venv\Lib\site-packages\MySQLdb\cursors.py", line 330, in _query
    db.query(q)
    ~~~~~~~~^^^
  File "C:\Users\user\PyCharmMiscProject\.venv\Lib\site-packages\MySQLdb\connections.py", line 280, in query
    _mysql.connection.query(self, query)
    ~~~~~~~~~~~~~~~~~~~~~~~^^^^^^^^^^^^^
MySQLdb.ProgrammingError: (1146, "Table 'test_conever.tour_travel_user' doesn't exist")

The above exception was the direct cause of the following exception:

Traceback (most recent call last):
  File "C:\Users\user\PyCharmMiscProject\.venv\Lib\site-packages\django\core\handlers\exception.py", line 55, in inner
    response = get_response(request)
  File "C:\Users\user\PyCharmMiscProject\.venv\Lib\site-packages\django\core\handlers\base.py", line 197, in _get_response
    response = wrapped_callback(request, *callback_args, **callback_kwargs)
  File "C:\Users\user\PyCharmMiscProject\.venv\Lib\site-packages\django\views\decorators\csrf.py", line 65, in _view_wrapper
    return view_func(request, *args, **kwargs)
  File "C:\Users\user\PyCharmMiscProject\.venv\Lib\site-packages\rest_framework\viewsets.py", line 124, in view
    return self.dispatch(request, *args, **kwargs)
           ~~~~~~~~~~~~~^^^^^^^^^^^^^^^^^^^^^^^^^^
  File "C:\Users\user\PyCharmMiscProject\.venv\Lib\site-packages\rest_framework\views.py", line 509, in dispatch
    response = self.handle_exception(exc)
  File "C:\Users\user\PyCharmMiscProject\.venv\Lib\site-packages\rest_framework\views.py", line 469, in handle_exception
    self.raise_uncaught_exception(exc)
    ~~~~~~~~~~~~~~~~~~~~~~~~~~~~~^^^^^
  File "C:\Users\user\PyCharmMiscProject\.venv\Lib\site-packages\rest_framework\views.py", line 480, in raise_uncaught_exception
    raise exc
  File "C:\Users\user\PyCharmMiscProject\.venv\Lib\site-packages\rest_framework\views.py", line 506, in dispatch
    response = handler(request, *args, **kwargs)
  File "C:\Users\user\Desktop\alphaBE\tour\views.py", line 62, in list
    } for travel in serializer.data
                    ^^^^^^^^^^^^^^^
  File "C:\Users\user\PyCharmMiscProject\.venv\Lib\site-packages\rest_framework\serializers.py", line 795, in data
    ret = super().data
          ^^^^^^^^^^^^
  File "C:\Users\user\PyCharmMiscProject\.venv\Lib\site-packages\rest_framework\serializers.py", line 249, in data
    self._data = self.to_representation(self.instance)
                 ~~~~~~~~~~~~~~~~~~~~~~^^^^^^^^^^^^^^^
  File "C:\Users\user\PyCharmMiscProject\.venv\Lib\site-packages\rest_framework\serializers.py", line 714, in to_representation
    self.child.to_representation(item) for item in iterable
                                                   ^^^^^^^^
  File "C:\Users\user\PyCharmMiscProject\.venv\Lib\site-packages\django\db\models\query.py", line 400, in __iter__
    self._fetch_all()
    ~~~~~~~~~~~~~~~^^
  File "C:\Users\user\PyCharmMiscProject\.venv\Lib\site-packages\django\db\models\query.py", line 1928, in _fetch_all
    self._result_cache = list(self._iterable_class(self))
                         ~~~~^^^^^^^^^^^^^^^^^^^^^^^^^^^^
  File "C:\Users\user\PyCharmMiscProject\.venv\Lib\site-packages\django\db\models\query.py", line 91, in __iter__
    results = compiler.execute_sql(
        chunked_fetch=self.chunked_fetch, chunk_size=self.chunk_size
    )
  File "C:\Users\user\PyCharmMiscProject\.venv\Lib\site-packages\django\db\models\sql\compiler.py", line 1574, in execute_sql
    cursor.execute(sql, params)
    ~~~~~~~~~~~~~~^^^^^^^^^^^^^
  File "C:\Users\user\PyCharmMiscProject\.venv\Lib\site-packages\django\db\backends\utils.py", line 79, in execute
    return self._execute_with_wrappers(
           ~~~~~~~~~~~~~~~~~~~~~~~~~~~^
        sql, params, many=False, executor=self._execute
        ^^^^^^^^^^^^^^^^^^^^^^^^^^^^^^^^^^^^^^^^^^^^^^^
    )
    ^
  File "C:\Users\user\PyCharmMiscProject\.venv\Lib\site-packages\django\db\backends\utils.py", line 92, in _execute_with_wrappers
    return executor(sql, params, many, context)
  File "C:\Users\user\PyCharmMiscProject\.venv\Lib\site-packages\django\db\backends\utils.py", line 100, in _execute
    with self.db.wrap_database_errors:
         ^^^^^^^^^^^^^^^^^^^^^^^^^^^^
  File "C:\Users\user\PyCharmMiscProject\.venv\Lib\site-packages\django\db\utils.py", line 91, in __exit__
    raise dj_exc_value.with_traceback(traceback) from exc_value
  File "C:\Users\user\PyCharmMiscProject\.venv\Lib\site-packages\django\db\backends\utils.py", line 105, in _execute
    return self.cursor.execute(sql, params)
           ~~~~~~~~~~~~~~~~~~~^^^^^^^^^^^^^
  File "C:\Users\user\PyCharmMiscProject\.venv\Lib\site-packages\django\db\backends\mysql\base.py", line 76, in execute
    return self.cursor.execute(query, args)
           ~~~~~~~~~~~~~~~~~~~^^^^^^^^^^^^^
  File "C:\Users\user\PyCharmMiscProject\.venv\Lib\site-packages\MySQLdb\cursors.py", line 179, in execute
    res = self._query(mogrified_query)
  File "C:\Users\user\PyCharmMiscProject\.venv\Lib\site-packages\MySQLdb\cursors.py", line 330, in _query
    db.query(q)
    ~~~~~~~~^^^
  File "C:\Users\user\PyCharmMiscProject\.venv\Lib\site-packages\MySQLdb\connections.py", line 280, in query
    _mysql.connection.query(self, query)
    ~~~~~~~~~~~~~~~~~~~~~~~^^^^^^^^^^^^^
django.db.utils.ProgrammingError: (1146, "Table 'test_conever.tour_travel_user' doesn't exist")
INFO 2025-04-07 20:53:03,062 authentications 5560 15112 Registered User attempting to access backend Api
ERROR 2025-04-07 20:53:03,075 log 5560 15112 Internal Server Error: /tour/
Traceback (most recent call last):
  File "C:\Users\user\PyCharmMiscProject\.venv\Lib\site-packages\django\db\backends\utils.py", line 105, in _execute
    return self.cursor.execute(sql, params)
           ~~~~~~~~~~~~~~~~~~~^^^^^^^^^^^^^
  File "C:\Users\user\PyCharmMiscProject\.venv\Lib\site-packages\django\db\backends\mysql\base.py", line 76, in execute
    return self.cursor.execute(query, args)
           ~~~~~~~~~~~~~~~~~~~^^^^^^^^^^^^^
  File "C:\Users\user\PyCharmMiscProject\.venv\Lib\site-packages\MySQLdb\cursors.py", line 179, in execute
    res = self._query(mogrified_query)
  File "C:\Users\user\PyCharmMiscProject\.venv\Lib\site-packages\MySQLdb\cursors.py", line 330, in _query
    db.query(q)
    ~~~~~~~~^^^
  File "C:\Users\user\PyCharmMiscProject\.venv\Lib\site-packages\MySQLdb\connections.py", line 280, in query
    _mysql.connection.query(self, query)
    ~~~~~~~~~~~~~~~~~~~~~~~^^^^^^^^^^^^^
MySQLdb.ProgrammingError: (1146, "Table 'test_conever.tour_travel_user' doesn't exist")

The above exception was the direct cause of the following exception:

Traceback (most recent call last):
  File "C:\Users\user\PyCharmMiscProject\.venv\Lib\site-packages\django\core\handlers\exception.py", line 55, in inner
    response = get_response(request)
  File "C:\Users\user\PyCharmMiscProject\.venv\Lib\site-packages\django\core\handlers\base.py", line 197, in _get_response
    response = wrapped_callback(request, *callback_args, **callback_kwargs)
  File "C:\Users\user\PyCharmMiscProject\.venv\Lib\site-packages\django\views\decorators\csrf.py", line 65, in _view_wrapper
    return view_func(request, *args, **kwargs)
  File "C:\Users\user\PyCharmMiscProject\.venv\Lib\site-packages\rest_framework\viewsets.py", line 124, in view
    return self.dispatch(request, *args, **kwargs)
           ~~~~~~~~~~~~~^^^^^^^^^^^^^^^^^^^^^^^^^^
  File "C:\Users\user\PyCharmMiscProject\.venv\Lib\site-packages\rest_framework\views.py", line 509, in dispatch
    response = self.handle_exception(exc)
  File "C:\Users\user\PyCharmMiscProject\.venv\Lib\site-packages\rest_framework\views.py", line 469, in handle_exception
    self.raise_uncaught_exception(exc)
    ~~~~~~~~~~~~~~~~~~~~~~~~~~~~~^^^^^
  File "C:\Users\user\PyCharmMiscProject\.venv\Lib\site-packages\rest_framework\views.py", line 480, in raise_uncaught_exception
    raise exc
  File "C:\Users\user\PyCharmMiscProject\.venv\Lib\site-packages\rest_framework\views.py", line 506, in dispatch
    response = handler(request, *args, **kwargs)
  File "C:\Users\user\Desktop\alphaBE\tour\views.py", line 62, in list
    } for travel in serializer.data
                    ^^^^^^^^^^^^^^^
  File "C:\Users\user\PyCharmMiscProject\.venv\Lib\site-packages\rest_framework\serializers.py", line 795, in data
    ret = super().data
          ^^^^^^^^^^^^
  File "C:\Users\user\PyCharmMiscProject\.venv\Lib\site-packages\rest_framework\serializers.py", line 249, in data
    self._data = self.to_representation(self.instance)
                 ~~~~~~~~~~~~~~~~~~~~~~^^^^^^^^^^^^^^^
  File "C:\Users\user\PyCharmMiscProject\.venv\Lib\site-packages\rest_framework\serializers.py", line 714, in to_representation
    self.child.to_representation(item) for item in iterable
                                                   ^^^^^^^^
  File "C:\Users\user\PyCharmMiscProject\.venv\Lib\site-packages\django\db\models\query.py", line 400, in __iter__
    self._fetch_all()
    ~~~~~~~~~~~~~~~^^
  File "C:\Users\user\PyCharmMiscProject\.venv\Lib\site-packages\django\db\models\query.py", line 1928, in _fetch_all
    self._result_cache = list(self._iterable_class(self))
                         ~~~~^^^^^^^^^^^^^^^^^^^^^^^^^^^^
  File "C:\Users\user\PyCharmMiscProject\.venv\Lib\site-packages\django\db\models\query.py", line 91, in __iter__
    results = compiler.execute_sql(
        chunked_fetch=self.chunked_fetch, chunk_size=self.chunk_size
    )
  File "C:\Users\user\PyCharmMiscProject\.venv\Lib\site-packages\django\db\models\sql\compiler.py", line 1574, in execute_sql
    cursor.execute(sql, params)
    ~~~~~~~~~~~~~~^^^^^^^^^^^^^
  File "C:\Users\user\PyCharmMiscProject\.venv\Lib\site-packages\django\db\backends\utils.py", line 79, in execute
    return self._execute_with_wrappers(
           ~~~~~~~~~~~~~~~~~~~~~~~~~~~^
        sql, params, many=False, executor=self._execute
        ^^^^^^^^^^^^^^^^^^^^^^^^^^^^^^^^^^^^^^^^^^^^^^^
    )
    ^
  File "C:\Users\user\PyCharmMiscProject\.venv\Lib\site-packages\django\db\backends\utils.py", line 92, in _execute_with_wrappers
    return executor(sql, params, many, context)
  File "C:\Users\user\PyCharmMiscProject\.venv\Lib\site-packages\django\db\backends\utils.py", line 100, in _execute
    with self.db.wrap_database_errors:
         ^^^^^^^^^^^^^^^^^^^^^^^^^^^^
  File "C:\Users\user\PyCharmMiscProject\.venv\Lib\site-packages\django\db\utils.py", line 91, in __exit__
    raise dj_exc_value.with_traceback(traceback) from exc_value
  File "C:\Users\user\PyCharmMiscProject\.venv\Lib\site-packages\django\db\backends\utils.py", line 105, in _execute
    return self.cursor.execute(sql, params)
           ~~~~~~~~~~~~~~~~~~~^^^^^^^^^^^^^
  File "C:\Users\user\PyCharmMiscProject\.venv\Lib\site-packages\django\db\backends\mysql\base.py", line 76, in execute
    return self.cursor.execute(query, args)
           ~~~~~~~~~~~~~~~~~~~^^^^^^^^^^^^^
  File "C:\Users\user\PyCharmMiscProject\.venv\Lib\site-packages\MySQLdb\cursors.py", line 179, in execute
    res = self._query(mogrified_query)
  File "C:\Users\user\PyCharmMiscProject\.venv\Lib\site-packages\MySQLdb\cursors.py", line 330, in _query
    db.query(q)
    ~~~~~~~~^^^
  File "C:\Users\user\PyCharmMiscProject\.venv\Lib\site-packages\MySQLdb\connections.py", line 280, in query
    _mysql.connection.query(self, query)
    ~~~~~~~~~~~~~~~~~~~~~~~^^^^^^^^^^^^^
django.db.utils.ProgrammingError: (1146, "Table 'test_conever.tour_travel_user' doesn't exist")
INFO 2025-04-07 20:53:46,885 authentications 18568 3172 Registered User attempting to access backend Api
INFO 2025-04-07 20:53:46,973 authentications 18568 3172 Registered User attempting to access backend Api
INFO 2025-04-07 20:53:47,074 authentications 18568 3172 Registered User attempting to access backend Api
INFO 2025-04-07 20:53:47,163 authentications 18568 3172 Registered User attempting to access backend Api
INFO 2025-04-07 20:53:47,280 authentications 18568 3172 Registered User attempting to access backend Api
INFO 2025-04-07 20:53:47,362 authentications 18568 3172 Registered User attempting to access backend Api
INFO 2025-04-07 20:53:47,461 authentications 18568 3172 Registered User attempting to access backend Api
INFO 2025-04-07 20:53:47,537 authentications 18568 3172 Registered User attempting to access backend Api
WARNING 2025-04-07 20:53:47,540 log 18568 3172 Not Found: /tour/1/
INFO 2025-04-07 20:53:47,634 authentications 18568 3172 Registered User attempting to access backend Api
INFO 2025-04-07 20:53:47,732 authentications 18568 3172 Registered User attempting to access backend Api
WARNING 2025-04-07 20:53:47,735 log 18568 3172 Not Found: /tour/1/
INFO 2025-04-07 20:54:27,275 authentications 10160 11028 Registered User attempting to access backend Api
INFO 2025-04-07 20:54:27,363 authentications 10160 11028 Registered User attempting to access backend Api
INFO 2025-04-07 20:54:27,586 authentications 10160 11028 Registered User attempting to access backend Api
WARNING 2025-04-07 20:54:27,587 log 10160 11028 Bad Request: /tour/course/
INFO 2025-04-07 20:54:27,719 authentications 10160 11028 Registered User attempting to access backend Api
WARNING 2025-04-07 20:54:27,729 log 10160 11028 Forbidden: /tour/course/
INFO 2025-04-07 20:54:43,383 authentications 16832 17048 Registered User attempting to access backend Api
INFO 2025-04-07 20:54:43,470 authentications 16832 17048 Registered User attempting to access backend Api
INFO 2025-04-07 20:54:43,612 authentications 16832 17048 Registered User attempting to access backend Api
INFO 2025-04-07 20:54:43,702 authentications 16832 17048 Registered User attempting to access backend Api
WARNING 2025-04-07 20:54:43,706 log 16832 17048 Forbidden: /tour/course/99999/
INFO 2025-04-07 21:59:31,629 authentications 21740 18004 Registered User attempting to access backend Api
INFO 2025-04-07 21:59:35,607 authentications 21740 18004 Registered User attempting to access backend Api
INFO 2025-04-07 22:00:59,092 authentications 10792 8852 Registered User attempting to access backend Api
INFO 2025-04-07 22:00:59,170 authentications 10792 8852 Registered User attempting to access backend Api
INFO 2025-04-07 22:00:59,283 authentications 10792 8852 Registered User attempting to access backend Api
WARNING 2025-04-07 22:00:59,284 log 10792 8852 Bad Request: /tour/add_traveler/
INFO 2025-04-07 22:00:59,350 authentications 10792 8852 Registered User attempting to access backend Api
WARNING 2025-04-07 22:00:59,357 log 10792 8852 Bad Request: /tour/add_traveler/
INFO 2025-04-07 22:01:01,148 authentications 10792 8852 Anonymous User attempting to access backend Api
INFO 2025-04-07 22:01:01,878 authentications 10792 8852 Anonymous User attempting to access backend Api
WARNING 2025-04-07 22:01:02,153 log 10792 8852 Not Found: /tour/get_area_list/
INFO 2025-04-07 22:01:02,156 authentications 10792 8852 Anonymous User attempting to access backend Api
INFO 2025-04-07 22:01:04,910 authentications 10792 8852 Registered User attempting to access backend Api
INFO 2025-04-07 22:01:04,982 authentications 10792 8852 Registered User attempting to access backend Api
INFO 2025-04-07 22:01:05,193 authentications 10792 8852 Registered User attempting to access backend Api
INFO 2025-04-07 22:01:05,313 authentications 10792 8852 Registered User attempting to access backend Api
WARNING 2025-04-07 22:01:05,317 log 10792 8852 Forbidden: /tour/course/99999/
INFO 2025-04-07 22:01:07,011 authentications 10792 8852 Registered User attempting to access backend Api
INFO 2025-04-07 22:01:07,159 authentications 10792 8852 Registered User attempting to access backend Api
INFO 2025-04-07 22:01:07,279 authentications 10792 8852 Registered User attempting to access backend Api
WARNING 2025-04-07 22:01:07,279 log 10792 8852 Bad Request: /tour/course/
INFO 2025-04-07 22:01:07,463 authentications 10792 8852 Registered User attempting to access backend Api
WARNING 2025-04-07 22:01:07,467 log 10792 8852 Forbidden: /tour/course/
INFO 2025-04-07 22:01:14,302 authentications 10792 8852 Registered User attempting to access backend Api
INFO 2025-04-07 22:01:14,383 authentications 10792 8852 Registered User attempting to access backend Api
INFO 2025-04-07 22:01:14,476 authentications 10792 8852 Registered User attempting to access backend Api
INFO 2025-04-07 22:01:14,569 authentications 10792 8852 Registered User attempting to access backend Api
INFO 2025-04-07 22:01:14,658 authentications 10792 8852 Registered User attempting to access backend Api
INFO 2025-04-07 22:01:14,746 authentications 10792 8852 Registered User attempting to access backend Api
INFO 2025-04-07 22:01:14,829 authentications 10792 8852 Registered User attempting to access backend Api
INFO 2025-04-07 22:01:14,898 authentications 10792 8852 Registered User attempting to access backend Api
WARNING 2025-04-07 22:01:14,902 log 10792 8852 Not Found: /tour/4/
INFO 2025-04-07 22:01:14,975 authentications 10792 8852 Registered User attempting to access backend Api
INFO 2025-04-07 22:01:15,048 authentications 10792 8852 Registered User attempting to access backend Api
WARNING 2025-04-07 22:01:15,052 log 10792 8852 Not Found: /tour/4/
INFO 2025-04-07 22:01:32,575 authentications 7796 19020 Anonymous User attempting to access backend Api
INFO 2025-04-07 22:07:03,576 authentications 19264 9960 Registered User attempting to access backend Api
INFO 2025-04-07 22:07:07,386 authentications 19264 9960 Registered User attempting to access backend Api
WARNING 2025-04-08 16:31:39,860 log 15580 1484 Forbidden: /tour/
INFO 2025-04-08 16:31:41,590 authentications 15580 1484 Anonymous User attempting to access backend Api
INFO 2025-04-08 16:31:42,066 authentications 15580 1484 Anonymous User attempting to access backend Api
WARNING 2025-04-08 16:31:42,234 log 15580 1484 Not Found: /tour/get_area_list/
INFO 2025-04-08 16:31:42,236 authentications 15580 1484 Anonymous User attempting to access backend Api
WARNING 2025-04-08 16:31:44,304 log 15580 1484 Forbidden: /tour/
WARNING 2025-04-08 16:31:49,899 log 15580 1484 Forbidden: /tour/
WARNING 2025-04-08 16:34:01,713 log 19380 8948 Forbidden: /tour/
INFO 2025-04-08 16:34:03,595 authentications 19380 8948 Anonymous User attempting to access backend Api
INFO 2025-04-08 16:34:04,065 authentications 19380 8948 Anonymous User attempting to access backend Api
WARNING 2025-04-08 16:34:04,260 log 19380 8948 Not Found: /tour/get_area_list/
INFO 2025-04-08 16:34:04,261 authentications 19380 8948 Anonymous User attempting to access backend Api
WARNING 2025-04-08 16:34:06,518 log 19380 8948 Forbidden: /tour/
WARNING 2025-04-08 16:34:12,432 log 19380 8948 Forbidden: /tour/
WARNING 2025-04-08 16:35:27,389 log 2852 6364 Forbidden: /tour/
WARNING 2025-04-08 16:50:54,778 log 5032 5028 Forbidden: /tour/
INFO 2025-04-08 16:50:56,601 authentications 5032 5028 Anonymous User attempting to access backend Api
INFO 2025-04-08 16:50:57,011 authentications 5032 5028 Anonymous User attempting to access backend Api
WARNING 2025-04-08 16:50:57,198 log 5032 5028 Not Found: /tour/get_area_list/
INFO 2025-04-08 16:50:57,199 authentications 5032 5028 Anonymous User attempting to access backend Api
WARNING 2025-04-08 16:50:59,245 log 5032 5028 Forbidden: /tour/
WARNING 2025-04-08 16:51:06,254 log 5032 5028 Forbidden: /tour/
INFO 2025-04-08 16:57:05,537 authentications 2704 16176 Registered User attempting to access backend Api
INFO 2025-04-08 16:57:05,609 authentications 2704 16176 Registered User attempting to access backend Api
INFO 2025-04-08 16:57:05,678 authentications 2704 16176 Registered User attempting to access backend Api
WARNING 2025-04-08 16:57:05,679 log 2704 16176 Bad Request: /tour/add_traveler/
INFO 2025-04-08 16:57:05,745 authentications 2704 16176 Registered User attempting to access backend Api
WARNING 2025-04-08 16:57:05,751 log 2704 16176 Bad Request: /tour/add_traveler/
INFO 2025-04-08 16:57:07,699 authentications 2704 16176 Anonymous User attempting to access backend Api
INFO 2025-04-08 16:57:08,198 authentications 2704 16176 Anonymous User attempting to access backend Api
WARNING 2025-04-08 16:57:08,402 log 2704 16176 Not Found: /tour/get_area_list/
INFO 2025-04-08 16:57:08,405 authentications 2704 16176 Anonymous User attempting to access backend Api
INFO 2025-04-08 16:57:10,532 authentications 2704 16176 Registered User attempting to access backend Api
INFO 2025-04-08 16:57:10,595 authentications 2704 16176 Registered User attempting to access backend Api
INFO 2025-04-08 16:57:10,710 authentications 2704 16176 Registered User attempting to access backend Api
WARNING 2025-04-08 16:57:10,711 log 2704 16176 Bad Request: /tour/course/
INFO 2025-04-08 16:57:10,775 authentications 2704 16176 Registered User attempting to access backend Api
WARNING 2025-04-08 16:57:10,780 log 2704 16176 Forbidden: /tour/course/
INFO 2025-04-08 16:57:16,166 authentications 2704 16176 Registered User attempting to access backend Api
INFO 2025-04-08 16:57:16,276 authentications 2704 16176 Registered User attempting to access backend Api
INFO 2025-04-08 16:57:16,407 authentications 2704 16176 Registered User attempting to access backend Api
INFO 2025-04-08 16:57:16,510 authentications 2704 16176 Registered User attempting to access backend Api
INFO 2025-04-08 16:57:16,659 authentications 2704 16176 Registered User attempting to access backend Api
INFO 2025-04-08 16:57:16,781 authentications 2704 16176 Registered User attempting to access backend Api
INFO 2025-04-08 16:57:17,011 authentications 2704 16176 Registered User attempting to access backend Api
INFO 2025-04-08 16:57:17,277 authentications 2704 16176 Registered User attempting to access backend Api
WARNING 2025-04-08 16:57:17,285 log 2704 16176 Not Found: /tour/3/
INFO 2025-04-08 16:57:17,478 authentications 2704 16176 Registered User attempting to access backend Api
INFO 2025-04-08 16:57:17,627 authentications 2704 16176 Registered User attempting to access backend Api
WARNING 2025-04-08 16:57:17,632 log 2704 16176 Not Found: /tour/3/
INFO 2025-04-08 17:00:06,103 authentications 15876 18528 Registered User attempting to access backend Api
INFO 2025-04-08 17:00:06,193 authentications 15876 18528 Registered User attempting to access backend Api
INFO 2025-04-08 17:00:06,274 authentications 15876 18528 Registered User attempting to access backend Api
WARNING 2025-04-08 17:00:06,275 log 15876 18528 Bad Request: /tour/add_traveler/
INFO 2025-04-08 17:00:06,326 authentications 15876 18528 Registered User attempting to access backend Api
WARNING 2025-04-08 17:00:06,333 log 15876 18528 Bad Request: /tour/add_traveler/
INFO 2025-04-08 17:00:08,486 authentications 15876 18528 Anonymous User attempting to access backend Api
INFO 2025-04-08 17:00:09,222 authentications 15876 18528 Anonymous User attempting to access backend Api
WARNING 2025-04-08 17:00:09,468 log 15876 18528 Not Found: /tour/get_area_list/
INFO 2025-04-08 17:00:09,470 authentications 15876 18528 Anonymous User attempting to access backend Api
INFO 2025-04-08 17:00:16,561 authentications 15876 18528 Registered User attempting to access backend Api
INFO 2025-04-08 17:00:16,626 authentications 15876 18528 Registered User attempting to access backend Api
INFO 2025-04-08 17:00:16,696 authentications 15876 18528 Registered User attempting to access backend Api
INFO 2025-04-08 17:00:16,797 authentications 15876 18528 Registered User attempting to access backend Api
INFO 2025-04-08 17:00:16,865 authentications 15876 18528 Registered User attempting to access backend Api
INFO 2025-04-08 17:00:16,931 authentications 15876 18528 Registered User attempting to access backend Api
INFO 2025-04-08 17:00:16,984 authentications 15876 18528 Registered User attempting to access backend Api
INFO 2025-04-08 17:00:17,054 authentications 15876 18528 Registered User attempting to access backend Api
WARNING 2025-04-08 17:00:17,058 log 15876 18528 Not Found: /tour/2/
INFO 2025-04-08 17:00:17,115 authentications 15876 18528 Registered User attempting to access backend Api
INFO 2025-04-08 17:00:17,168 authentications 15876 18528 Registered User attempting to access backend Api
WARNING 2025-04-08 17:00:17,171 log 15876 18528 Not Found: /tour/2/
INFO 2025-04-08 17:07:12,870 authentications 12904 15684 Registered User attempting to access backend Api
INFO 2025-04-08 17:07:12,936 authentications 12904 15684 Registered User attempting to access backend Api
INFO 2025-04-08 17:07:13,007 authentications 12904 15684 Registered User attempting to access backend Api
WARNING 2025-04-08 17:07:13,007 log 12904 15684 Bad Request: /tour/add_traveler/
INFO 2025-04-08 17:07:13,066 authentications 12904 15684 Registered User attempting to access backend Api
WARNING 2025-04-08 17:07:13,072 log 12904 15684 Bad Request: /tour/add_traveler/
INFO 2025-04-08 17:07:14,984 authentications 12904 15684 Anonymous User attempting to access backend Api
INFO 2025-04-08 17:07:15,383 authentications 12904 15684 Anonymous User attempting to access backend Api
WARNING 2025-04-08 17:07:15,564 log 12904 15684 Not Found: /tour/get_area_list/
INFO 2025-04-08 17:07:15,565 authentications 12904 15684 Anonymous User attempting to access backend Api
INFO 2025-04-08 17:07:20,703 authentications 12904 15684 Registered User attempting to access backend Api
INFO 2025-04-08 17:07:20,759 authentications 12904 15684 Registered User attempting to access backend Api
INFO 2025-04-08 17:07:20,814 authentications 12904 15684 Registered User attempting to access backend Api
INFO 2025-04-08 17:07:20,870 authentications 12904 15684 Registered User attempting to access backend Api
INFO 2025-04-08 17:07:20,939 authentications 12904 15684 Registered User attempting to access backend Api
INFO 2025-04-08 17:07:21,002 authentications 12904 15684 Registered User attempting to access backend Api
INFO 2025-04-08 17:07:21,068 authentications 12904 15684 Registered User attempting to access backend Api
INFO 2025-04-08 17:07:21,140 authentications 12904 15684 Registered User attempting to access backend Api
WARNING 2025-04-08 17:07:21,143 log 12904 15684 Not Found: /tour/2/
INFO 2025-04-08 17:07:21,197 authentications 12904 15684 Registered User attempting to access backend Api
INFO 2025-04-08 17:07:21,259 authentications 12904 15684 Registered User attempting to access backend Api
WARNING 2025-04-08 17:07:21,264 log 12904 15684 Not Found: /tour/2/
WARNING 2025-04-08 17:13:45,449 log 18472 5200 Not Found: /tour/course/list/
INFO 2025-04-08 17:14:57,176 authentications 1188 19364 Anonymous User attempting to access backend Api
ERROR 2025-04-08 17:14:57,182 log 1188 19364 Internal Server Error: /tour/course/list/
Traceback (most recent call last):
  File "C:\Users\user\PyCharmMiscProject\.venv\Lib\site-packages\django\core\handlers\exception.py", line 55, in inner
    response = get_response(request)
  File "C:\Users\user\PyCharmMiscProject\.venv\Lib\site-packages\django\core\handlers\base.py", line 197, in _get_response
    response = wrapped_callback(request, *callback_args, **callback_kwargs)
  File "C:\Users\user\PyCharmMiscProject\.venv\Lib\site-packages\django\views\decorators\csrf.py", line 65, in _view_wrapper
    return view_func(request, *args, **kwargs)
  File "C:\Users\user\PyCharmMiscProject\.venv\Lib\site-packages\rest_framework\viewsets.py", line 124, in view
    return self.dispatch(request, *args, **kwargs)
           ~~~~~~~~~~~~~^^^^^^^^^^^^^^^^^^^^^^^^^^
  File "C:\Users\user\PyCharmMiscProject\.venv\Lib\site-packages\rest_framework\views.py", line 509, in dispatch
    response = self.handle_exception(exc)
  File "C:\Users\user\PyCharmMiscProject\.venv\Lib\site-packages\rest_framework\views.py", line 469, in handle_exception
    self.raise_uncaught_exception(exc)
    ~~~~~~~~~~~~~~~~~~~~~~~~~~~~~^^^^^
  File "C:\Users\user\PyCharmMiscProject\.venv\Lib\site-packages\rest_framework\views.py", line 480, in raise_uncaught_exception
    raise exc
  File "C:\Users\user\PyCharmMiscProject\.venv\Lib\site-packages\rest_framework\views.py", line 506, in dispatch
    response = handler(request, *args, **kwargs)
  File "C:\Users\user\Desktop\alphaBE\tour\views.py", line 231, in list
    user_sub = request.user.sub  # 액세스 토큰에서 sub 값 가져오기
               ^^^^^^^^^^^^^^^^
AttributeError: 'AnonymousUser' object has no attribute 'sub'
INFO 2025-04-08 17:15:45,550 authentications 11252 16592 Registered User attempting to access backend Api
INFO 2025-04-08 17:15:45,609 authentications 11252 16592 Registered User attempting to access backend Api
INFO 2025-04-08 17:15:45,683 authentications 11252 16592 Registered User attempting to access backend Api
WARNING 2025-04-08 17:15:45,684 log 11252 16592 Bad Request: /tour/add_traveler/
INFO 2025-04-08 17:15:45,741 authentications 11252 16592 Registered User attempting to access backend Api
WARNING 2025-04-08 17:15:45,746 log 11252 16592 Bad Request: /tour/add_traveler/
INFO 2025-04-08 17:15:47,775 authentications 11252 16592 Anonymous User attempting to access backend Api
INFO 2025-04-08 17:15:48,177 authentications 11252 16592 Anonymous User attempting to access backend Api
WARNING 2025-04-08 17:15:48,346 log 11252 16592 Not Found: /tour/get_area_list/
INFO 2025-04-08 17:15:48,347 authentications 11252 16592 Anonymous User attempting to access backend Api
INFO 2025-04-08 17:15:53,968 authentications 11252 16592 Registered User attempting to access backend Api
INFO 2025-04-08 17:15:54,020 authentications 11252 16592 Registered User attempting to access backend Api
INFO 2025-04-08 17:15:54,086 authentications 11252 16592 Registered User attempting to access backend Api
INFO 2025-04-08 17:15:54,144 authentications 11252 16592 Registered User attempting to access backend Api
INFO 2025-04-08 17:15:54,222 authentications 11252 16592 Registered User attempting to access backend Api
INFO 2025-04-08 17:15:54,278 authentications 11252 16592 Registered User attempting to access backend Api
INFO 2025-04-08 17:15:54,402 authentications 11252 16592 Registered User attempting to access backend Api
INFO 2025-04-08 17:15:54,455 authentications 11252 16592 Registered User attempting to access backend Api
WARNING 2025-04-08 17:15:54,458 log 11252 16592 Not Found: /tour/2/
INFO 2025-04-08 17:15:54,510 authentications 11252 16592 Registered User attempting to access backend Api
INFO 2025-04-08 17:15:54,578 authentications 11252 16592 Registered User attempting to access backend Api
WARNING 2025-04-08 17:15:54,581 log 11252 16592 Not Found: /tour/2/
INFO 2025-04-08 17:19:20,063 authentications 17580 15052 Anonymous User attempting to access backend Api
ERROR 2025-04-08 17:19:20,068 log 17580 15052 Internal Server Error: /tour/course/list/
Traceback (most recent call last):
  File "C:\Users\user\PyCharmMiscProject\.venv\Lib\site-packages\django\core\handlers\exception.py", line 55, in inner
    response = get_response(request)
  File "C:\Users\user\PyCharmMiscProject\.venv\Lib\site-packages\django\core\handlers\base.py", line 197, in _get_response
    response = wrapped_callback(request, *callback_args, **callback_kwargs)
  File "C:\Users\user\PyCharmMiscProject\.venv\Lib\site-packages\django\views\decorators\csrf.py", line 65, in _view_wrapper
    return view_func(request, *args, **kwargs)
  File "C:\Users\user\PyCharmMiscProject\.venv\Lib\site-packages\rest_framework\viewsets.py", line 124, in view
    return self.dispatch(request, *args, **kwargs)
           ~~~~~~~~~~~~~^^^^^^^^^^^^^^^^^^^^^^^^^^
  File "C:\Users\user\PyCharmMiscProject\.venv\Lib\site-packages\rest_framework\views.py", line 509, in dispatch
    response = self.handle_exception(exc)
  File "C:\Users\user\PyCharmMiscProject\.venv\Lib\site-packages\rest_framework\views.py", line 469, in handle_exception
    self.raise_uncaught_exception(exc)
    ~~~~~~~~~~~~~~~~~~~~~~~~~~~~~^^^^^
  File "C:\Users\user\PyCharmMiscProject\.venv\Lib\site-packages\rest_framework\views.py", line 480, in raise_uncaught_exception
    raise exc
  File "C:\Users\user\PyCharmMiscProject\.venv\Lib\site-packages\rest_framework\views.py", line 506, in dispatch
    response = handler(request, *args, **kwargs)
  File "C:\Users\user\Desktop\alphaBE\tour\views.py", line 231, in list
    user_sub = request.user.sub  # 액세스 토큰에서 sub 값 가져오기
               ^^^^^^^^^^^^^^^^
AttributeError: 'AnonymousUser' object has no attribute 'sub'
WARNING 2025-04-11 16:01:45,227 log 15348 9036 Forbidden: /tour/
INFO 2025-04-11 16:03:21,013 authentications 2412 17020 Registered User attempting to access backend Api
INFO 2025-04-11 16:03:21,169 authentications 2412 17020 Registered User attempting to access backend Api
INFO 2025-04-11 16:03:21,383 authentications 2412 17020 Registered User attempting to access backend Api
WARNING 2025-04-11 16:03:21,384 log 2412 17020 Bad Request: /tour/add_traveler/
INFO 2025-04-11 16:03:21,485 authentications 2412 17020 Registered User attempting to access backend Api
WARNING 2025-04-11 16:03:21,494 log 2412 17020 Bad Request: /tour/add_traveler/
INFO 2025-04-11 16:03:23,276 authentications 2412 17020 Anonymous User attempting to access backend Api
INFO 2025-04-11 16:03:23,672 authentications 2412 17020 Anonymous User attempting to access backend Api
WARNING 2025-04-11 16:03:24,602 log 2412 17020 Not Found: /tour/get_area_list/
INFO 2025-04-11 16:03:24,604 authentications 2412 17020 Anonymous User attempting to access backend Api
INFO 2025-04-11 16:03:26,562 authentications 2412 17020 Registered User attempting to access backend Api
WARNING 2025-04-11 16:03:26,587 log 2412 17020 Not Found: /tour/get_tour_course_list/
INFO 2025-04-11 16:03:32,230 authentications 2412 17020 Registered User attempting to access backend Api
INFO 2025-04-11 16:03:32,290 authentications 2412 17020 Registered User attempting to access backend Api
INFO 2025-04-11 16:03:32,357 authentications 2412 17020 Registered User attempting to access backend Api
INFO 2025-04-11 16:03:32,426 authentications 2412 17020 Registered User attempting to access backend Api
INFO 2025-04-11 16:03:32,542 authentications 2412 17020 Registered User attempting to access backend Api
INFO 2025-04-11 16:03:32,606 authentications 2412 17020 Registered User attempting to access backend Api
INFO 2025-04-11 16:03:32,712 authentications 2412 17020 Registered User attempting to access backend Api
INFO 2025-04-11 16:03:32,797 authentications 2412 17020 Registered User attempting to access backend Api
WARNING 2025-04-11 16:03:32,801 log 2412 17020 Not Found: /tour/3/
INFO 2025-04-11 16:03:32,867 authentications 2412 17020 Registered User attempting to access backend Api
INFO 2025-04-11 16:03:32,931 authentications 2412 17020 Registered User attempting to access backend Api
WARNING 2025-04-11 16:03:32,933 log 2412 17020 Not Found: /tour/3/
INFO 2025-04-11 16:03:56,628 authentications 15788 11636 Registered User attempting to access backend Api
WARNING 2025-04-11 16:03:56,646 log 15788 11636 Not Found: /tour/get_tour_course_list/
INFO 2025-04-11 16:05:49,968 authentications 18664 11536 Registered User attempting to access backend Api
WARNING 2025-04-11 16:05:49,972 log 18664 11536 Method Not Allowed: /tour/course/list/
INFO 2025-04-11 16:06:50,190 authentications 17548 8244 Registered User attempting to access backend Api
WARNING 2025-04-11 16:06:50,210 log 17548 8244 Not Found: /tour/get_tour_course_list/
INFO 2025-04-11 16:07:45,789 authentications 8236 12804 Registered User attempting to access backend Api
INFO 2025-04-11 16:07:45,863 authentications 8236 12804 Registered User attempting to access backend Api
ERROR 2025-04-11 16:07:45,877 log 8236 12804 Internal Server Error: /tour/course/list/
Traceback (most recent call last):
  File "C:\Users\user\PyCharmMiscProject\.venv\Lib\site-packages\django\core\handlers\exception.py", line 55, in inner
    response = get_response(request)
  File "C:\Users\user\PyCharmMiscProject\.venv\Lib\site-packages\django\core\handlers\base.py", line 197, in _get_response
    response = wrapped_callback(request, *callback_args, **callback_kwargs)
  File "C:\Users\user\PyCharmMiscProject\.venv\Lib\site-packages\django\views\decorators\csrf.py", line 65, in _view_wrapper
    return view_func(request, *args, **kwargs)
  File "C:\Users\user\PyCharmMiscProject\.venv\Lib\site-packages\rest_framework\viewsets.py", line 124, in view
    return self.dispatch(request, *args, **kwargs)
           ~~~~~~~~~~~~~^^^^^^^^^^^^^^^^^^^^^^^^^^
  File "C:\Users\user\PyCharmMiscProject\.venv\Lib\site-packages\rest_framework\views.py", line 509, in dispatch
    response = self.handle_exception(exc)
  File "C:\Users\user\PyCharmMiscProject\.venv\Lib\site-packages\rest_framework\views.py", line 469, in handle_exception
    self.raise_uncaught_exception(exc)
    ~~~~~~~~~~~~~~~~~~~~~~~~~~~~~^^^^^
  File "C:\Users\user\PyCharmMiscProject\.venv\Lib\site-packages\rest_framework\views.py", line 480, in raise_uncaught_exception
    raise exc
  File "C:\Users\user\PyCharmMiscProject\.venv\Lib\site-packages\rest_framework\views.py", line 506, in dispatch
    response = handler(request, *args, **kwargs)
  File "C:\Users\user\Desktop\alphaBE\tour\views.py", line 263, in list
    "date": travel.date,
            ^^^^^^^^^^^
AttributeError: 'Travel' object has no attribute 'date'
INFO 2025-04-11 16:10:03,075 authentications 19104 15504 Registered User attempting to access backend Api
INFO 2025-04-11 16:10:03,154 authentications 19104 15504 Registered User attempting to access backend Api
INFO 2025-04-11 16:10:36,734 authentications 14300 18936 Registered User attempting to access backend Api
INFO 2025-04-11 16:10:36,809 authentications 14300 18936 Registered User attempting to access backend Api
INFO 2025-04-11 16:24:37,109 authentications 12872 10016 Registered User attempting to access backend Api
INFO 2025-04-11 16:24:37,173 authentications 12872 10016 Registered User attempting to access backend Api
INFO 2025-04-11 16:24:37,236 authentications 12872 10016 Registered User attempting to access backend Api
WARNING 2025-04-11 16:24:37,239 log 12872 10016 Not Found: /tour/1/
